<?xml version="1.0" encoding="UTF-8"?>
<testng-results skipped="0" failed="0" ignored="0" total="2" passed="2">
  <reporter-output>
  </reporter-output>
  <suite name="inet_BankingV2" duration-ms="43042" started-at="2020-02-11T18:36:08Z" finished-at="2020-02-11T18:36:51Z">
    <groups>
    </groups>
    <test name="BankingApp Test" duration-ms="43042" started-at="2020-02-11T18:36:08Z" finished-at="2020-02-11T18:36:51Z">
      <class name="com.inetBanking.TestCases.TC_EditCustomer_004">
        <test-method status="PASS" signature="setup(java.lang.String)[pri:0, instance:com.inetBanking.TestCases.TC_EditCustomer_004@1fffcd7]" name="setup" is-config="true" duration-ms="7259" started-at="2020-02-11T18:36:35Z" finished-at="2020-02-11T18:36:42Z">
          <params>
            <param index="0">
              <value>
                <![CDATA[chrome]]>
              </value>
            </param>
          </params>
          <reporter-output>
          </reporter-output>
        </test-method> <!-- setup -->
        <test-method status="PASS" signature="editCustomer()[pri:0, instance:com.inetBanking.TestCases.TC_EditCustomer_004@1fffcd7]" name="editCustomer" duration-ms="7515" started-at="2020-02-11T18:36:42Z" finished-at="2020-02-11T18:36:50Z">
          <reporter-output>
          </reporter-output>
        </test-method> <!-- editCustomer -->
        <test-method status="PASS" signature="tearDown()[pri:0, instance:com.inetBanking.TestCases.TC_EditCustomer_004@1fffcd7]" name="tearDown" is-config="true" duration-ms="988" started-at="2020-02-11T18:36:50Z" finished-at="2020-02-11T18:36:51Z">
          <reporter-output>
          </reporter-output>
        </test-method> <!-- tearDown -->
      </class> <!-- com.inetBanking.TestCases.TC_EditCustomer_004 -->
      <class name="com.inetBanking.TestCases.TC_AddCustomerTest_003">
        <test-method status="PASS" signature="setup(java.lang.String)[pri:0, instance:com.inetBanking.TestCases.TC_AddCustomerTest_003@bbfa04]" name="setup" is-config="true" duration-ms="9704" started-at="2020-02-11T18:36:08Z" finished-at="2020-02-11T18:36:18Z">
          <params>
            <param index="0">
              <value>
                <![CDATA[chrome]]>
              </value>
            </param>
          </params>
          <reporter-output>
          </reporter-output>
        </test-method> <!-- setup -->
        <test-method status="PASS" signature="addNewCustomer()[pri:0, instance:com.inetBanking.TestCases.TC_AddCustomerTest_003@bbfa04]" name="addNewCustomer" duration-ms="16509" started-at="2020-02-11T18:36:18Z" finished-at="2020-02-11T18:36:34Z">
          <reporter-output>
          </reporter-output>
        </test-method> <!-- addNewCustomer -->
        <test-method status="PASS" signature="tearDown()[pri:0, instance:com.inetBanking.TestCases.TC_AddCustomerTest_003@bbfa04]" name="tearDown" is-config="true" duration-ms="746" started-at="2020-02-11T18:36:34Z" finished-at="2020-02-11T18:36:35Z">
          <reporter-output>
          </reporter-output>
        </test-method> <!-- tearDown -->
      </class> <!-- com.inetBanking.TestCases.TC_AddCustomerTest_003 -->
    </test> <!-- BankingApp Test -->
  </suite> <!-- inet_BankingV2 -->
</testng-results>
