<?xml version="1.0" encoding="UTF-8"?>
<!-- Generated by org.testng.reporters.JUnitXMLReporter -->
<testsuite hostname="DESKTOP-DC07V1Q" ignored="0" name="BankingApp Test" tests="3" failures="0" timestamp="09 Feb 2020 04:30:11 GMT" time="13.655" errors="0">
  <testcase name="loginDDT" time="1.334" classname="com.inetBanking.TestCases.TC_loginTest_002"/>
  <testcase name="loginDDT" time="1.14" classname="com.inetBanking.TestCases.TC_loginTest_002"/>
  <testcase name="loginDDT" time="1.255" classname="com.inetBanking.TestCases.TC_loginTest_002"/>
</testsuite> <!-- BankingApp Test -->
