<?xml version="1.0" encoding="UTF-8"?>
<!-- Generated by org.testng.reporters.JUnitXMLReporter -->
<testsuite ignored="0" hostname="DESKTOP-DC07V1Q" failures="0" tests="2" name="BankingApp Test" time="79.101" errors="0" timestamp="16 Feb 2020 05:18:39 GMT">
  <testcase classname="com.inetBanking.TestCases.TC_AddCustomerTest_003" name="addNewCustomer" time="36.282"/>
  <testcase classname="com.inetBanking.TestCases.TC_EditCustomer_004" name="editCustomer" time="26.411"/>
</testsuite> <!-- BankingApp Test -->
