<?xml version="1.0" encoding="UTF-8"?>
<!-- Generated by org.testng.reporters.JUnitXMLReporter -->
<testsuite hostname="DESKTOP-DC07V1Q" ignored="0" name="BankingApp Test" tests="2" failures="0" timestamp="11 Feb 2020 18:36:51 GMT" time="43.042" errors="0">
  <testcase name="addNewCustomer" time="16.509" classname="com.inetBanking.TestCases.TC_AddCustomerTest_003"/>
  <testcase name="editCustomer" time="7.515" classname="com.inetBanking.TestCases.TC_EditCustomer_004"/>
</testsuite> <!-- BankingApp Test -->
